

Processing ApplicationController#index (for 127.0.0.1 at 2007-10-17 23:26:48) [GET]
  Session ID: da7397894182c47e6fe08451ee307dec
  Parameters: {}


ActionController::RoutingError (No route matches "/" with {:method=>:get}):
    /vendor/rails/actionpack/lib/action_controller/routing.rb:1414:in `recognize_path'
    /vendor/rails/actionpack/lib/action_controller/routing.rb:1397:in `recognize'
    /vendor/rails/actionpack/lib/action_controller/dispatcher.rb:170:in `handle_request'
    /vendor/rails/actionpack/lib/action_controller/dispatcher.rb:115:in `dispatch'
    /vendor/rails/actionpack/lib/action_controller/dispatcher.rb:126:in `dispatch_cgi'
    /vendor/rails/actionpack/lib/action_controller/dispatcher.rb:9:in `dispatch'
    /var/lib/gems/1.8/gems/mongrel-1.0.1/lib/mongrel/rails.rb:78:in `process'
    /var/lib/gems/1.8/gems/mongrel-1.0.1/lib/mongrel/rails.rb:76:in `synchronize'
    /var/lib/gems/1.8/gems/mongrel-1.0.1/lib/mongrel/rails.rb:76:in `process'
    /var/lib/gems/1.8/gems/mongrel-1.0.1/lib/mongrel.rb:618:in `process_client'
    /var/lib/gems/1.8/gems/mongrel-1.0.1/lib/mongrel.rb:617:in `each'
    /var/lib/gems/1.8/gems/mongrel-1.0.1/lib/mongrel.rb:617:in `process_client'
    /var/lib/gems/1.8/gems/mongrel-1.0.1/lib/mongrel.rb:736:in `run'
    /var/lib/gems/1.8/gems/mongrel-1.0.1/lib/mongrel.rb:736:in `initialize'
    /var/lib/gems/1.8/gems/mongrel-1.0.1/lib/mongrel.rb:736:in `new'
    /var/lib/gems/1.8/gems/mongrel-1.0.1/lib/mongrel.rb:736:in `run'
    /var/lib/gems/1.8/gems/mongrel-1.0.1/lib/mongrel.rb:720:in `initialize'
    /var/lib/gems/1.8/gems/mongrel-1.0.1/lib/mongrel.rb:720:in `new'
    /var/lib/gems/1.8/gems/mongrel-1.0.1/lib/mongrel.rb:720:in `run'
    /var/lib/gems/1.8/gems/mongrel-1.0.1/lib/mongrel/configurator.rb:271:in `run'
    /var/lib/gems/1.8/gems/mongrel-1.0.1/lib/mongrel/configurator.rb:270:in `each'
    /var/lib/gems/1.8/gems/mongrel-1.0.1/lib/mongrel/configurator.rb:270:in `run'
    /var/lib/gems/1.8/gems/mongrel-1.0.1/bin/mongrel_rails:127:in `run'
    /var/lib/gems/1.8/gems/mongrel-1.0.1/lib/mongrel/command.rb:211:in `run'
    /var/lib/gems/1.8/gems/mongrel-1.0.1/bin/mongrel_rails:243
    /vendor/rails/activesupport/lib/active_support/dependencies.rb:489:in `load'
    /vendor/rails/activesupport/lib/active_support/dependencies.rb:489:in `load'
    /vendor/rails/activesupport/lib/active_support/dependencies.rb:342:in `new_constants_in'
    /vendor/rails/activesupport/lib/active_support/dependencies.rb:489:in `load'
    /vendor/rails/railties/lib/commands/servers/mongrel.rb:64
    /usr/lib/ruby/1.8/rubygems/custom_require.rb:27:in `gem_original_require'
    /usr/lib/ruby/1.8/rubygems/custom_require.rb:27:in `require'
    /vendor/rails/activesupport/lib/active_support/dependencies.rb:496:in `require'
    /vendor/rails/activesupport/lib/active_support/dependencies.rb:342:in `new_constants_in'
    /vendor/rails/activesupport/lib/active_support/dependencies.rb:496:in `require'
    /vendor/rails/railties/lib/commands/server.rb:39
    ./script/server:3:in `require'
    ./script/server:3

Rendering /home/jh/dev/csv2onix/vendor/rails/actionpack/lib/action_controller/templates/rescues/layout.erb (not_found)


Processing StageController#index (for 127.0.0.1 at 2007-10-17 23:27:24) [GET]
  Session ID: BAh7BiIKZmxhc2hJQzonQWN0aW9uQ29udHJvbGxlcjo6Rmxhc2g6OkZsYXNo%0ASGFzaHsABjoKQHVzZWR7AA%3D%3D--e80f7eacbce801c1c7b355570805267ceb7ecf2b
  Parameters: {"action"=>"index", "controller"=>"stage"}


Processing StageController#index (for 127.0.0.1 at 2007-10-17 23:27:24) [GET]
  Session ID: BAh7BiIKZmxhc2hJQzonQWN0aW9uQ29udHJvbGxlcjo6Rmxhc2g6OkZsYXNo%0ASGFzaHsABjoKQHVzZWR7AA%3D%3D--e80f7eacbce801c1c7b355570805267ceb7ecf2b
  Parameters: {"action"=>"index", "controller"=>"stage"}


Mysql::Error (Access denied for user 'root'@'localhost' (using password: NO)):
    /vendor/rails/activerecord/lib/active_record/connection_adapters/mysql_adapter.rb:450:in `real_connect'
    /vendor/rails/activerecord/lib/active_record/connection_adapters/mysql_adapter.rb:450:in `connect'
    /vendor/rails/activerecord/lib/active_record/connection_adapters/mysql_adapter.rb:165:in `initialize'
    /vendor/rails/activerecord/lib/active_record/connection_adapters/mysql_adapter.rb:88:in `new'
    /vendor/rails/activerecord/lib/active_record/connection_adapters/mysql_adapter.rb:88:in `mysql_connection'
    /vendor/rails/activerecord/lib/active_record/connection_adapters/abstract/connection_specification.rb:278:in `send'
    /vendor/rails/activerecord/lib/active_record/connection_adapters/abstract/connection_specification.rb:278:in `connection='
    /vendor/rails/activerecord/lib/active_record/connection_adapters/abstract/connection_specification.rb:246:in `retrieve_connection'
    /vendor/rails/activerecord/lib/active_record/connection_adapters/abstract/connection_specification.rb:78:in `connection'
    /vendor/rails/activerecord/lib/active_record/query_cache.rb:8:in `cache'
    /vendor/rails/actionpack/lib/action_controller/caching.rb:668:in `perform_action'
    /vendor/rails/actionpack/lib/action_controller/base.rb:517:in `send'
    /vendor/rails/actionpack/lib/action_controller/base.rb:517:in `process_without_filters'
    /vendor/rails/actionpack/lib/action_controller/filters.rb:685:in `process_without_session_management_support'
    /vendor/rails/actionpack/lib/action_controller/session_management.rb:123:in `process'
    /vendor/rails/actionpack/lib/action_controller/base.rb:377:in `process'
    /vendor/rails/actionpack/lib/action_controller/dispatcher.rb:171:in `handle_request'
    /vendor/rails/actionpack/lib/action_controller/dispatcher.rb:115:in `dispatch'
    /vendor/rails/actionpack/lib/action_controller/dispatcher.rb:126:in `dispatch_cgi'
    /vendor/rails/actionpack/lib/action_controller/dispatcher.rb:9:in `dispatch'
    /var/lib/gems/1.8/gems/mongrel-1.0.1/lib/mongrel/rails.rb:78:in `process'
    /var/lib/gems/1.8/gems/mongrel-1.0.1/lib/mongrel/rails.rb:76:in `synchronize'
    /var/lib/gems/1.8/gems/mongrel-1.0.1/lib/mongrel/rails.rb:76:in `process'
    /var/lib/gems/1.8/gems/mongrel-1.0.1/lib/mongrel.rb:618:in `process_client'
    /var/lib/gems/1.8/gems/mongrel-1.0.1/lib/mongrel.rb:617:in `each'
    /var/lib/gems/1.8/gems/mongrel-1.0.1/lib/mongrel.rb:617:in `process_client'
    /var/lib/gems/1.8/gems/mongrel-1.0.1/lib/mongrel.rb:736:in `run'
    /var/lib/gems/1.8/gems/mongrel-1.0.1/lib/mongrel.rb:736:in `initialize'
    /var/lib/gems/1.8/gems/mongrel-1.0.1/lib/mongrel.rb:736:in `new'
    /var/lib/gems/1.8/gems/mongrel-1.0.1/lib/mongrel.rb:736:in `run'
    /var/lib/gems/1.8/gems/mongrel-1.0.1/lib/mongrel.rb:720:in `initialize'
    /var/lib/gems/1.8/gems/mongrel-1.0.1/lib/mongrel.rb:720:in `new'
    /var/lib/gems/1.8/gems/mongrel-1.0.1/lib/mongrel.rb:720:in `run'
    /var/lib/gems/1.8/gems/mongrel-1.0.1/lib/mongrel/configurator.rb:271:in `run'
    /var/lib/gems/1.8/gems/mongrel-1.0.1/lib/mongrel/configurator.rb:270:in `each'
    /var/lib/gems/1.8/gems/mongrel-1.0.1/lib/mongrel/configurator.rb:270:in `run'
    /var/lib/gems/1.8/gems/mongrel-1.0.1/bin/mongrel_rails:127:in `run'
    /var/lib/gems/1.8/gems/mongrel-1.0.1/lib/mongrel/command.rb:211:in `run'
    /var/lib/gems/1.8/gems/mongrel-1.0.1/bin/mongrel_rails:243
    /vendor/rails/activesupport/lib/active_support/dependencies.rb:489:in `load'
    /vendor/rails/activesupport/lib/active_support/dependencies.rb:489:in `load'
    /vendor/rails/activesupport/lib/active_support/dependencies.rb:342:in `new_constants_in'
    /vendor/rails/activesupport/lib/active_support/dependencies.rb:489:in `load'
    /vendor/rails/railties/lib/commands/servers/mongrel.rb:64
    /usr/lib/ruby/1.8/rubygems/custom_require.rb:27:in `gem_original_require'
    /usr/lib/ruby/1.8/rubygems/custom_require.rb:27:in `require'
    /vendor/rails/activesupport/lib/active_support/dependencies.rb:496:in `require'
    /vendor/rails/activesupport/lib/active_support/dependencies.rb:342:in `new_constants_in'
    /vendor/rails/activesupport/lib/active_support/dependencies.rb:496:in `require'
    /vendor/rails/railties/lib/commands/server.rb:39
    ./script/server:3:in `require'
    ./script/server:3

Rendering /home/jh/dev/csv2onix/vendor/rails/actionpack/lib/action_controller/templates/rescues/layout.erb (internal_server_error)


Processing StageController#index (for 127.0.0.1 at 2007-10-17 23:27:52) [GET]
  Session ID: BAh7BiIKZmxhc2hJQzonQWN0aW9uQ29udHJvbGxlcjo6Rmxhc2g6OkZsYXNo%0ASGFzaHsABjoKQHVzZWR7AA%3D%3D--e80f7eacbce801c1c7b355570805267ceb7ecf2b
  Parameters: {"action"=>"index", "controller"=>"stage"}


NoMethodError (undefined method `render_action' for #<StageController:0xb6973dd8>):
    /app/controllers/stage_controller.rb:15:in `index'
    /vendor/rails/actionpack/lib/action_controller/base.rb:1130:in `send'
    /vendor/rails/actionpack/lib/action_controller/base.rb:1130:in `perform_action_without_filters'
    /vendor/rails/actionpack/lib/action_controller/filters.rb:697:in `call_filters'
    /vendor/rails/actionpack/lib/action_controller/filters.rb:689:in `perform_action_without_benchmark'
    /vendor/rails/actionpack/lib/action_controller/benchmarking.rb:68:in `perform_action_without_rescue'
    /usr/lib/ruby/1.8/benchmark.rb:293:in `measure'
    /vendor/rails/actionpack/lib/action_controller/benchmarking.rb:68:in `perform_action_without_rescue'
    /vendor/rails/actionpack/lib/action_controller/rescue.rb:175:in `perform_action'
    /vendor/rails/actionpack/lib/action_controller/base.rb:517:in `send'
    /vendor/rails/actionpack/lib/action_controller/base.rb:517:in `process_without_filters'
    /vendor/rails/actionpack/lib/action_controller/filters.rb:685:in `process_without_session_management_support'
    /vendor/rails/actionpack/lib/action_controller/session_management.rb:123:in `process'
    /vendor/rails/actionpack/lib/action_controller/base.rb:377:in `process'
    /vendor/rails/actionpack/lib/action_controller/dispatcher.rb:171:in `handle_request'
    /vendor/rails/actionpack/lib/action_controller/dispatcher.rb:115:in `dispatch'
    /vendor/rails/actionpack/lib/action_controller/dispatcher.rb:126:in `dispatch_cgi'
    /vendor/rails/actionpack/lib/action_controller/dispatcher.rb:9:in `dispatch'
    /var/lib/gems/1.8/gems/mongrel-1.0.1/lib/mongrel/rails.rb:78:in `process'
    /var/lib/gems/1.8/gems/mongrel-1.0.1/lib/mongrel/rails.rb:76:in `synchronize'
    /var/lib/gems/1.8/gems/mongrel-1.0.1/lib/mongrel/rails.rb:76:in `process'
    /var/lib/gems/1.8/gems/mongrel-1.0.1/lib/mongrel.rb:618:in `process_client'
    /var/lib/gems/1.8/gems/mongrel-1.0.1/lib/mongrel.rb:617:in `each'
    /var/lib/gems/1.8/gems/mongrel-1.0.1/lib/mongrel.rb:617:in `process_client'
    /var/lib/gems/1.8/gems/mongrel-1.0.1/lib/mongrel.rb:736:in `run'
    /var/lib/gems/1.8/gems/mongrel-1.0.1/lib/mongrel.rb:736:in `initialize'
    /var/lib/gems/1.8/gems/mongrel-1.0.1/lib/mongrel.rb:736:in `new'
    /var/lib/gems/1.8/gems/mongrel-1.0.1/lib/mongrel.rb:736:in `run'
    /var/lib/gems/1.8/gems/mongrel-1.0.1/lib/mongrel.rb:720:in `initialize'
    /var/lib/gems/1.8/gems/mongrel-1.0.1/lib/mongrel.rb:720:in `new'
    /var/lib/gems/1.8/gems/mongrel-1.0.1/lib/mongrel.rb:720:in `run'
    /var/lib/gems/1.8/gems/mongrel-1.0.1/lib/mongrel/configurator.rb:271:in `run'
    /var/lib/gems/1.8/gems/mongrel-1.0.1/lib/mongrel/configurator.rb:270:in `each'
    /var/lib/gems/1.8/gems/mongrel-1.0.1/lib/mongrel/configurator.rb:270:in `run'
    /var/lib/gems/1.8/gems/mongrel-1.0.1/bin/mongrel_rails:127:in `run'
    /var/lib/gems/1.8/gems/mongrel-1.0.1/lib/mongrel/command.rb:211:in `run'
    /var/lib/gems/1.8/gems/mongrel-1.0.1/bin/mongrel_rails:243
    /vendor/rails/activesupport/lib/active_support/dependencies.rb:489:in `load'
    /vendor/rails/activesupport/lib/active_support/dependencies.rb:489:in `load'
    /vendor/rails/activesupport/lib/active_support/dependencies.rb:342:in `new_constants_in'
    /vendor/rails/activesupport/lib/active_support/dependencies.rb:489:in `load'
    /vendor/rails/railties/lib/commands/servers/mongrel.rb:64
    /usr/lib/ruby/1.8/rubygems/custom_require.rb:27:in `gem_original_require'
    /usr/lib/ruby/1.8/rubygems/custom_require.rb:27:in `require'
    /vendor/rails/activesupport/lib/active_support/dependencies.rb:496:in `require'
    /vendor/rails/activesupport/lib/active_support/dependencies.rb:342:in `new_constants_in'
    /vendor/rails/activesupport/lib/active_support/dependencies.rb:496:in `require'
    /vendor/rails/railties/lib/commands/server.rb:39
    ./script/server:3:in `require'
    ./script/server:3

Rendering /home/jh/dev/csv2onix/vendor/rails/actionpack/lib/action_controller/templates/rescues/layout.erb (internal_server_error)


Processing StageController#index (for 127.0.0.1 at 2007-10-17 23:28:18) [GET]
  Session ID: BAh7BiIKZmxhc2hJQzonQWN0aW9uQ29udHJvbGxlcjo6Rmxhc2g6OkZsYXNo%0ASGFzaHsABjoKQHVzZWR7AA%3D%3D--e80f7eacbce801c1c7b355570805267ceb7ecf2b
  Parameters: {"action"=>"index", "controller"=>"stage"}


ActionController::MissingTemplate (Missing layout layouts/standard_layout.html.erb in view path /home/jh/dev/csv2onix/app/views):
    /vendor/rails/actionpack/lib/action_controller/base.rb:1241:in `assert_existence_of_template_file'
    /vendor/rails/actionpack/lib/action_controller/layout.rb:256:in `render_without_benchmark'
    /vendor/rails/actionpack/lib/action_controller/benchmarking.rb:51:in `render'
    /usr/lib/ruby/1.8/benchmark.rb:293:in `measure'
    /vendor/rails/actionpack/lib/action_controller/benchmarking.rb:51:in `render'
    /app/controllers/stage_controller.rb:15:in `index'
    /vendor/rails/actionpack/lib/action_controller/base.rb:1130:in `send'
    /vendor/rails/actionpack/lib/action_controller/base.rb:1130:in `perform_action_without_filters'
    /vendor/rails/actionpack/lib/action_controller/filters.rb:697:in `call_filters'
    /vendor/rails/actionpack/lib/action_controller/filters.rb:689:in `perform_action_without_benchmark'
    /vendor/rails/actionpack/lib/action_controller/benchmarking.rb:68:in `perform_action_without_rescue'
    /usr/lib/ruby/1.8/benchmark.rb:293:in `measure'
    /vendor/rails/actionpack/lib/action_controller/benchmarking.rb:68:in `perform_action_without_rescue'
    /vendor/rails/actionpack/lib/action_controller/rescue.rb:175:in `perform_action'
    /vendor/rails/actionpack/lib/action_controller/base.rb:517:in `send'
    /vendor/rails/actionpack/lib/action_controller/base.rb:517:in `process_without_filters'
    /vendor/rails/actionpack/lib/action_controller/filters.rb:685:in `process_without_session_management_support'
    /vendor/rails/actionpack/lib/action_controller/session_management.rb:123:in `process'
    /vendor/rails/actionpack/lib/action_controller/base.rb:377:in `process'
    /vendor/rails/actionpack/lib/action_controller/dispatcher.rb:171:in `handle_request'
    /vendor/rails/actionpack/lib/action_controller/dispatcher.rb:115:in `dispatch'
    /vendor/rails/actionpack/lib/action_controller/dispatcher.rb:126:in `dispatch_cgi'
    /vendor/rails/actionpack/lib/action_controller/dispatcher.rb:9:in `dispatch'
    /var/lib/gems/1.8/gems/mongrel-1.0.1/lib/mongrel/rails.rb:78:in `process'
    /var/lib/gems/1.8/gems/mongrel-1.0.1/lib/mongrel/rails.rb:76:in `synchronize'
    /var/lib/gems/1.8/gems/mongrel-1.0.1/lib/mongrel/rails.rb:76:in `process'
    /var/lib/gems/1.8/gems/mongrel-1.0.1/lib/mongrel.rb:618:in `process_client'
    /var/lib/gems/1.8/gems/mongrel-1.0.1/lib/mongrel.rb:617:in `each'
    /var/lib/gems/1.8/gems/mongrel-1.0.1/lib/mongrel.rb:617:in `process_client'
    /var/lib/gems/1.8/gems/mongrel-1.0.1/lib/mongrel.rb:736:in `run'
    /var/lib/gems/1.8/gems/mongrel-1.0.1/lib/mongrel.rb:736:in `initialize'
    /var/lib/gems/1.8/gems/mongrel-1.0.1/lib/mongrel.rb:736:in `new'
    /var/lib/gems/1.8/gems/mongrel-1.0.1/lib/mongrel.rb:736:in `run'
    /var/lib/gems/1.8/gems/mongrel-1.0.1/lib/mongrel.rb:720:in `initialize'
    /var/lib/gems/1.8/gems/mongrel-1.0.1/lib/mongrel.rb:720:in `new'
    /var/lib/gems/1.8/gems/mongrel-1.0.1/lib/mongrel.rb:720:in `run'
    /var/lib/gems/1.8/gems/mongrel-1.0.1/lib/mongrel/configurator.rb:271:in `run'
    /var/lib/gems/1.8/gems/mongrel-1.0.1/lib/mongrel/configurator.rb:270:in `each'
    /var/lib/gems/1.8/gems/mongrel-1.0.1/lib/mongrel/configurator.rb:270:in `run'
    /var/lib/gems/1.8/gems/mongrel-1.0.1/bin/mongrel_rails:127:in `run'
    /var/lib/gems/1.8/gems/mongrel-1.0.1/lib/mongrel/command.rb:211:in `run'
    /var/lib/gems/1.8/gems/mongrel-1.0.1/bin/mongrel_rails:243
    /vendor/rails/activesupport/lib/active_support/dependencies.rb:489:in `load'
    /vendor/rails/activesupport/lib/active_support/dependencies.rb:489:in `load'
    /vendor/rails/activesupport/lib/active_support/dependencies.rb:342:in `new_constants_in'
    /vendor/rails/activesupport/lib/active_support/dependencies.rb:489:in `load'
    /vendor/rails/railties/lib/commands/servers/mongrel.rb:64
    /usr/lib/ruby/1.8/rubygems/custom_require.rb:27:in `gem_original_require'
    /usr/lib/ruby/1.8/rubygems/custom_require.rb:27:in `require'
    /vendor/rails/activesupport/lib/active_support/dependencies.rb:496:in `require'
    /vendor/rails/activesupport/lib/active_support/dependencies.rb:342:in `new_constants_in'
    /vendor/rails/activesupport/lib/active_support/dependencies.rb:496:in `require'
    /vendor/rails/railties/lib/commands/server.rb:39
    ./script/server:3:in `require'
    ./script/server:3

Rendering /home/jh/dev/csv2onix/vendor/rails/actionpack/lib/action_controller/templates/rescues/layout.erb (internal_server_error)


Processing StageController#index (for 127.0.0.1 at 2007-10-17 23:31:53) [GET]
  Session ID: BAh7BiIKZmxhc2hJQzonQWN0aW9uQ29udHJvbGxlcjo6Rmxhc2g6OkZsYXNo%0ASGFzaHsABjoKQHVzZWR7AA%3D%3D--e80f7eacbce801c1c7b355570805267ceb7ecf2b
  Parameters: {"action"=>"index", "controller"=>"stage"}
Rendering template within layouts/default
Rendering stage/upload
Completed in 0.02042 (48 reqs/sec) | Rendering: 0.01259 (61%) | 200 OK [http://127.0.0.1/]


Processing StageController#upload (for 127.0.0.1 at 2007-10-17 23:42:10) [POST]
  Session ID: BAh7BiIKZmxhc2hJQzonQWN0aW9uQ29udHJvbGxlcjo6Rmxhc2g6OkZsYXNo%0ASGFzaHsABjoKQHVzZWR7AA%3D%3D--e80f7eacbce801c1c7b355570805267ceb7ecf2b
  Parameters: {"action"=>"upload", "csvfile"=>#<File:/tmp/CGI.9989.0>, "controller"=>"stage", "Save"=>"upload >>"}


ActionController::InvalidAuthenticityToken (ActionController::InvalidAuthenticityToken):
    /vendor/rails/actionpack/lib/action_controller/request_forgery_protection.rb:73:in `verify_authenticity_token'
    /vendor/rails/actionpack/lib/action_controller/filters.rb:471:in `send!'
    /vendor/rails/actionpack/lib/action_controller/filters.rb:471:in `call'
    /vendor/rails/actionpack/lib/action_controller/filters.rb:444:in `run'
    /vendor/rails/actionpack/lib/action_controller/filters.rb:715:in `run_before_filters'
    /vendor/rails/actionpack/lib/action_controller/filters.rb:695:in `call_filters'
    /vendor/rails/actionpack/lib/action_controller/filters.rb:689:in `perform_action_without_benchmark'
    /vendor/rails/actionpack/lib/action_controller/benchmarking.rb:68:in `perform_action_without_rescue'
    /usr/lib/ruby/1.8/benchmark.rb:293:in `measure'
    /vendor/rails/actionpack/lib/action_controller/benchmarking.rb:68:in `perform_action_without_rescue'
    /vendor/rails/actionpack/lib/action_controller/rescue.rb:175:in `perform_action'
    /vendor/rails/actionpack/lib/action_controller/base.rb:517:in `send'
    /vendor/rails/actionpack/lib/action_controller/base.rb:517:in `process_without_filters'
    /vendor/rails/actionpack/lib/action_controller/filters.rb:685:in `process_without_session_management_support'
    /vendor/rails/actionpack/lib/action_controller/session_management.rb:123:in `process'
    /vendor/rails/actionpack/lib/action_controller/base.rb:377:in `process'
    /vendor/rails/actionpack/lib/action_controller/dispatcher.rb:171:in `handle_request'
    /vendor/rails/actionpack/lib/action_controller/dispatcher.rb:115:in `dispatch'
    /vendor/rails/actionpack/lib/action_controller/dispatcher.rb:126:in `dispatch_cgi'
    /vendor/rails/actionpack/lib/action_controller/dispatcher.rb:9:in `dispatch'
    /var/lib/gems/1.8/gems/mongrel-1.0.1/lib/mongrel/rails.rb:78:in `process'
    /var/lib/gems/1.8/gems/mongrel-1.0.1/lib/mongrel/rails.rb:76:in `synchronize'
    /var/lib/gems/1.8/gems/mongrel-1.0.1/lib/mongrel/rails.rb:76:in `process'
    /var/lib/gems/1.8/gems/mongrel-1.0.1/lib/mongrel.rb:618:in `process_client'
    /var/lib/gems/1.8/gems/mongrel-1.0.1/lib/mongrel.rb:617:in `each'
    /var/lib/gems/1.8/gems/mongrel-1.0.1/lib/mongrel.rb:617:in `process_client'
    /var/lib/gems/1.8/gems/mongrel-1.0.1/lib/mongrel.rb:736:in `run'
    /var/lib/gems/1.8/gems/mongrel-1.0.1/lib/mongrel.rb:736:in `initialize'
    /var/lib/gems/1.8/gems/mongrel-1.0.1/lib/mongrel.rb:736:in `new'
    /var/lib/gems/1.8/gems/mongrel-1.0.1/lib/mongrel.rb:736:in `run'
    /var/lib/gems/1.8/gems/mongrel-1.0.1/lib/mongrel.rb:720:in `initialize'
    /var/lib/gems/1.8/gems/mongrel-1.0.1/lib/mongrel.rb:720:in `new'
    /var/lib/gems/1.8/gems/mongrel-1.0.1/lib/mongrel.rb:720:in `run'
    /var/lib/gems/1.8/gems/mongrel-1.0.1/lib/mongrel/configurator.rb:271:in `run'
    /var/lib/gems/1.8/gems/mongrel-1.0.1/lib/mongrel/configurator.rb:270:in `each'
    /var/lib/gems/1.8/gems/mongrel-1.0.1/lib/mongrel/configurator.rb:270:in `run'
    /var/lib/gems/1.8/gems/mongrel-1.0.1/bin/mongrel_rails:127:in `run'
    /var/lib/gems/1.8/gems/mongrel-1.0.1/lib/mongrel/command.rb:211:in `run'
    /var/lib/gems/1.8/gems/mongrel-1.0.1/bin/mongrel_rails:243
    /vendor/rails/activesupport/lib/active_support/dependencies.rb:489:in `load'
    /vendor/rails/activesupport/lib/active_support/dependencies.rb:489:in `load'
    /vendor/rails/activesupport/lib/active_support/dependencies.rb:342:in `new_constants_in'
    /vendor/rails/activesupport/lib/active_support/dependencies.rb:489:in `load'
    /vendor/rails/railties/lib/commands/servers/mongrel.rb:64
    /usr/lib/ruby/1.8/rubygems/custom_require.rb:27:in `gem_original_require'
    /usr/lib/ruby/1.8/rubygems/custom_require.rb:27:in `require'
    /vendor/rails/activesupport/lib/active_support/dependencies.rb:496:in `require'
    /vendor/rails/activesupport/lib/active_support/dependencies.rb:342:in `new_constants_in'
    /vendor/rails/activesupport/lib/active_support/dependencies.rb:496:in `require'
    /vendor/rails/railties/lib/commands/server.rb:39
    ./script/server:3:in `require'
    ./script/server:3

Rendering /home/jh/dev/csv2onix/vendor/rails/actionpack/lib/action_controller/templates/rescues/layout.erb (unprocessable_entity)


Processing StageController#upload (for 127.0.0.1 at 2007-10-17 23:42:57) [POST]
  Session ID: BAh7BzoMY3NyZl9pZCIlMzAyZjVlNWUwYmU0MTA4MWQ1ZTA1ZTEyNTI1MDBk%0AMGUiCmZsYXNoSUM6J0FjdGlvbkNvbnRyb2xsZXI6OkZsYXNoOjpGbGFzaEhh%0Ac2h7AAY6CkB1c2VkewA%3D--649a2c03d86b954adeeb781f225e44baeef1dfc1
  Parameters: {"action"=>"upload", "csvfile"=>#<File:/tmp/CGI.9989.1>, "controller"=>"stage", "Save"=>"upload >>"}


NoMethodError (You have a nil object when you didn't expect it!
You might have expected an instance of Array.
The error occurred while evaluating nil.[]):
    /app/controllers/stage_controller.rb:35:in `upload'
    /vendor/rails/actionpack/lib/action_controller/base.rb:1130:in `send'
    /vendor/rails/actionpack/lib/action_controller/base.rb:1130:in `perform_action_without_filters'
    /vendor/rails/actionpack/lib/action_controller/filters.rb:697:in `call_filters'
    /vendor/rails/actionpack/lib/action_controller/filters.rb:689:in `perform_action_without_benchmark'
    /vendor/rails/actionpack/lib/action_controller/benchmarking.rb:68:in `perform_action_without_rescue'
    /usr/lib/ruby/1.8/benchmark.rb:293:in `measure'
    /vendor/rails/actionpack/lib/action_controller/benchmarking.rb:68:in `perform_action_without_rescue'
    /vendor/rails/actionpack/lib/action_controller/rescue.rb:175:in `perform_action'
    /vendor/rails/actionpack/lib/action_controller/base.rb:517:in `send'
    /vendor/rails/actionpack/lib/action_controller/base.rb:517:in `process_without_filters'
    /vendor/rails/actionpack/lib/action_controller/filters.rb:685:in `process_without_session_management_support'
    /vendor/rails/actionpack/lib/action_controller/session_management.rb:123:in `process'
    /vendor/rails/actionpack/lib/action_controller/base.rb:377:in `process'
    /vendor/rails/actionpack/lib/action_controller/dispatcher.rb:171:in `handle_request'
    /vendor/rails/actionpack/lib/action_controller/dispatcher.rb:115:in `dispatch'
    /vendor/rails/actionpack/lib/action_controller/dispatcher.rb:126:in `dispatch_cgi'
    /vendor/rails/actionpack/lib/action_controller/dispatcher.rb:9:in `dispatch'
    /var/lib/gems/1.8/gems/mongrel-1.0.1/lib/mongrel/rails.rb:78:in `process'
    /var/lib/gems/1.8/gems/mongrel-1.0.1/lib/mongrel/rails.rb:76:in `synchronize'
    /var/lib/gems/1.8/gems/mongrel-1.0.1/lib/mongrel/rails.rb:76:in `process'
    /var/lib/gems/1.8/gems/mongrel-1.0.1/lib/mongrel.rb:618:in `process_client'
    /var/lib/gems/1.8/gems/mongrel-1.0.1/lib/mongrel.rb:617:in `each'
    /var/lib/gems/1.8/gems/mongrel-1.0.1/lib/mongrel.rb:617:in `process_client'
    /var/lib/gems/1.8/gems/mongrel-1.0.1/lib/mongrel.rb:736:in `run'
    /var/lib/gems/1.8/gems/mongrel-1.0.1/lib/mongrel.rb:736:in `initialize'
    /var/lib/gems/1.8/gems/mongrel-1.0.1/lib/mongrel.rb:736:in `new'
    /var/lib/gems/1.8/gems/mongrel-1.0.1/lib/mongrel.rb:736:in `run'
    /var/lib/gems/1.8/gems/mongrel-1.0.1/lib/mongrel.rb:720:in `initialize'
    /var/lib/gems/1.8/gems/mongrel-1.0.1/lib/mongrel.rb:720:in `new'
    /var/lib/gems/1.8/gems/mongrel-1.0.1/lib/mongrel.rb:720:in `run'
    /var/lib/gems/1.8/gems/mongrel-1.0.1/lib/mongrel/configurator.rb:271:in `run'
    /var/lib/gems/1.8/gems/mongrel-1.0.1/lib/mongrel/configurator.rb:270:in `each'
    /var/lib/gems/1.8/gems/mongrel-1.0.1/lib/mongrel/configurator.rb:270:in `run'
    /var/lib/gems/1.8/gems/mongrel-1.0.1/bin/mongrel_rails:127:in `run'
    /var/lib/gems/1.8/gems/mongrel-1.0.1/lib/mongrel/command.rb:211:in `run'
    /var/lib/gems/1.8/gems/mongrel-1.0.1/bin/mongrel_rails:243
    /vendor/rails/activesupport/lib/active_support/dependencies.rb:489:in `load'
    /vendor/rails/activesupport/lib/active_support/dependencies.rb:489:in `load'
    /vendor/rails/activesupport/lib/active_support/dependencies.rb:342:in `new_constants_in'
    /vendor/rails/activesupport/lib/active_support/dependencies.rb:489:in `load'
    /vendor/rails/railties/lib/commands/servers/mongrel.rb:64
    /usr/lib/ruby/1.8/rubygems/custom_require.rb:27:in `gem_original_require'
    /usr/lib/ruby/1.8/rubygems/custom_require.rb:27:in `require'
    /vendor/rails/activesupport/lib/active_support/dependencies.rb:496:in `require'
    /vendor/rails/activesupport/lib/active_support/dependencies.rb:342:in `new_constants_in'
    /vendor/rails/activesupport/lib/active_support/dependencies.rb:496:in `require'
    /vendor/rails/railties/lib/commands/server.rb:39
    ./script/server:3:in `require'
    ./script/server:3

Rendering /home/jh/dev/csv2onix/vendor/rails/actionpack/lib/action_controller/templates/rescues/layout.erb (internal_server_error)


Processing StageController#upload (for 127.0.0.1 at 2007-10-17 23:48:03) [POST]
  Session ID: BAh7BzoMY3NyZl9pZCIlMzAyZjVlNWUwYmU0MTA4MWQ1ZTA1ZTEyNTI1MDBk%0AMGUiCmZsYXNoSUM6J0FjdGlvbkNvbnRyb2xsZXI6OkZsYXNoOjpGbGFzaEhh%0Ac2h7AAY6CkB1c2VkewA%3D--649a2c03d86b954adeeb781f225e44baeef1dfc1
  Parameters: {"action"=>"upload", "csvfile"=>#<File:/tmp/CGI.9989.0>, "controller"=>"stage", "Save"=>"upload >>"}
Redirected to http://127.0.0.1:3000/stage/settings
Completed in 0.03003 (33 reqs/sec) | 302 Found [http://127.0.0.1/stage/upload]


Processing StageController#settings (for 127.0.0.1 at 2007-10-17 23:48:03) [GET]
  Session ID: BAh7CDoMY3NyZl9pZCIlMzAyZjVlNWUwYmU0MTA4MWQ1ZTA1ZTEyNTI1MDBk%0AMGU6DWZpbGVuYW1lIkUvaG9tZS9qaC9kZXYvY3N2Mm9uaXgvdG1wL2ZpbGVz%0AL09VUCBBVSBSYWluYm93IERlY2VtYmVyIDIwMDcuY3N2IgpmbGFzaElDOidB%0AY3Rpb25Db250cm9sbGVyOjpGbGFzaDo6Rmxhc2hIYXNoewAGOgpAdXNlZHsA--f0e8e46df55eb35a1421bb4deb8ce1b8b9231097
  Parameters: {"action"=>"settings", "controller"=>"stage"}
Rendering template within layouts/default
Rendering stage/settings


ActionView::TemplateError (You have a nil object when you didn't expect it!
You might have expected an instance of Array.
The error occurred while evaluating nil.[]) on line #17 of app/views/stage/settings.rhtml:
14: <p>The following fields are freeform text and are used at the to describe the content of the ONIX file.</p>
15: 
16: <label for="from_company"><strong><span class="req">*</span>From Company:</strong>
17: <input type="text" name="from_company" id="from_comapny" value="<%=@params['from_company'] %>" /><br />
18: </label>
19: 
20: <label for="from_person"><strong><span class="req">*</span>From Person:</strong>

    app/views/stage/settings.rhtml:17:in `_run_rhtml_47app47views47stage47settings46rhtml'
    vendor/rails/actionpack/lib/action_view/base.rb:377:in `send'
    vendor/rails/actionpack/lib/action_view/base.rb:377:in `compile_and_render_template'
    vendor/rails/actionpack/lib/action_view/base.rb:353:in `render_template'
    vendor/rails/actionpack/lib/action_view/base.rb:303:in `render_file'
    vendor/rails/actionpack/lib/action_controller/base.rb:1076:in `render_for_file'
    vendor/rails/actionpack/lib/action_controller/base.rb:803:in `render_with_no_layout'
    vendor/rails/actionpack/lib/action_controller/layout.rb:261:in `render_without_benchmark'
    vendor/rails/actionpack/lib/action_controller/benchmarking.rb:51:in `render'
    /usr/lib/ruby/1.8/benchmark.rb:293:in `measure'
    vendor/rails/actionpack/lib/action_controller/benchmarking.rb:51:in `render'
    vendor/rails/actionpack/lib/action_controller/base.rb:1131:in `perform_action_without_filters'
    vendor/rails/actionpack/lib/action_controller/filters.rb:697:in `call_filters'
    vendor/rails/actionpack/lib/action_controller/filters.rb:689:in `perform_action_without_benchmark'
    vendor/rails/actionpack/lib/action_controller/benchmarking.rb:68:in `perform_action_without_rescue'
    /usr/lib/ruby/1.8/benchmark.rb:293:in `measure'
    vendor/rails/actionpack/lib/action_controller/benchmarking.rb:68:in `perform_action_without_rescue'
    vendor/rails/actionpack/lib/action_controller/rescue.rb:175:in `perform_action'
    vendor/rails/actionpack/lib/action_controller/base.rb:517:in `send'
    vendor/rails/actionpack/lib/action_controller/base.rb:517:in `process_without_filters'
    vendor/rails/actionpack/lib/action_controller/filters.rb:685:in `process_without_session_management_support'
    vendor/rails/actionpack/lib/action_controller/session_management.rb:123:in `process'
    vendor/rails/actionpack/lib/action_controller/base.rb:377:in `process'
    vendor/rails/actionpack/lib/action_controller/dispatcher.rb:171:in `handle_request'
    vendor/rails/actionpack/lib/action_controller/dispatcher.rb:115:in `dispatch'
    vendor/rails/actionpack/lib/action_controller/dispatcher.rb:126:in `dispatch_cgi'
    vendor/rails/actionpack/lib/action_controller/dispatcher.rb:9:in `dispatch'
    /var/lib/gems/1.8/gems/mongrel-1.0.1/lib/mongrel/rails.rb:78:in `process'
    /var/lib/gems/1.8/gems/mongrel-1.0.1/lib/mongrel/rails.rb:76:in `synchronize'
    /var/lib/gems/1.8/gems/mongrel-1.0.1/lib/mongrel/rails.rb:76:in `process'
    /var/lib/gems/1.8/gems/mongrel-1.0.1/lib/mongrel.rb:618:in `process_client'
    /var/lib/gems/1.8/gems/mongrel-1.0.1/lib/mongrel.rb:617:in `each'
    /var/lib/gems/1.8/gems/mongrel-1.0.1/lib/mongrel.rb:617:in `process_client'
    /var/lib/gems/1.8/gems/mongrel-1.0.1/lib/mongrel.rb:736:in `run'
    /var/lib/gems/1.8/gems/mongrel-1.0.1/lib/mongrel.rb:736:in `initialize'
    /var/lib/gems/1.8/gems/mongrel-1.0.1/lib/mongrel.rb:736:in `new'
    /var/lib/gems/1.8/gems/mongrel-1.0.1/lib/mongrel.rb:736:in `run'
    /var/lib/gems/1.8/gems/mongrel-1.0.1/lib/mongrel.rb:720:in `initialize'
    /var/lib/gems/1.8/gems/mongrel-1.0.1/lib/mongrel.rb:720:in `new'
    /var/lib/gems/1.8/gems/mongrel-1.0.1/lib/mongrel.rb:720:in `run'
    /var/lib/gems/1.8/gems/mongrel-1.0.1/lib/mongrel/configurator.rb:271:in `run'
    /var/lib/gems/1.8/gems/mongrel-1.0.1/lib/mongrel/configurator.rb:270:in `each'
    /var/lib/gems/1.8/gems/mongrel-1.0.1/lib/mongrel/configurator.rb:270:in `run'
    /var/lib/gems/1.8/gems/mongrel-1.0.1/bin/mongrel_rails:127:in `run'
    /var/lib/gems/1.8/gems/mongrel-1.0.1/lib/mongrel/command.rb:211:in `run'
    /var/lib/gems/1.8/gems/mongrel-1.0.1/bin/mongrel_rails:243
    vendor/rails/activesupport/lib/active_support/dependencies.rb:489:in `load'
    vendor/rails/activesupport/lib/active_support/dependencies.rb:489:in `load'
    vendor/rails/activesupport/lib/active_support/dependencies.rb:342:in `new_constants_in'
    vendor/rails/activesupport/lib/active_support/dependencies.rb:489:in `load'
    vendor/rails/railties/lib/commands/servers/mongrel.rb:64
    /usr/lib/ruby/1.8/rubygems/custom_require.rb:27:in `gem_original_require'
    /usr/lib/ruby/1.8/rubygems/custom_require.rb:27:in `require'
    vendor/rails/activesupport/lib/active_support/dependencies.rb:496:in `require'
    vendor/rails/activesupport/lib/active_support/dependencies.rb:342:in `new_constants_in'
    vendor/rails/activesupport/lib/active_support/dependencies.rb:496:in `require'
    vendor/rails/railties/lib/commands/server.rb:39
    script/server:3:in `require'
    script/server:3

Rendering /home/jh/dev/csv2onix/vendor/rails/actionpack/lib/action_controller/templates/rescues/layout.erb (internal_server_error)


Processing StageController#upload (for 127.0.0.1 at 2007-10-17 23:49:58) [POST]
  Session ID: BAh7CDoMY3NyZl9pZCIlMzAyZjVlNWUwYmU0MTA4MWQ1ZTA1ZTEyNTI1MDBk%0AMGUiCmZsYXNoSUM6J0FjdGlvbkNvbnRyb2xsZXI6OkZsYXNoOjpGbGFzaEhh%0Ac2h7AAY6CkB1c2VkewA6DWZpbGVuYW1lIkUvaG9tZS9qaC9kZXYvY3N2Mm9u%0AaXgvdG1wL2ZpbGVzL09VUCBBVSBSYWluYm93IERlY2VtYmVyIDIwMDcuY3N2--2fb3c325efe3e9bbeed3caccdb0a22ef6a4d5edd
  Parameters: {"action"=>"upload", "csvfile"=>#<File:/tmp/CGI.9989.2>, "controller"=>"stage", "Save"=>"upload >>"}
Redirected to http://127.0.0.1:3000/stage/settings
Completed in 0.03740 (26 reqs/sec) | 302 Found [http://127.0.0.1/stage/upload]


Processing StageController#settings (for 127.0.0.1 at 2007-10-17 23:49:58) [GET]
  Session ID: BAh7CDoMY3NyZl9pZCIlMzAyZjVlNWUwYmU0MTA4MWQ1ZTA1ZTEyNTI1MDBk%0AMGU6DWZpbGVuYW1lIkUvaG9tZS9qaC9kZXYvY3N2Mm9uaXgvdG1wL2ZpbGVz%0AL09VUCBBVSBSYWluYm93IERlY2VtYmVyIDIwMDcuY3N2IgpmbGFzaElDOidB%0AY3Rpb25Db250cm9sbGVyOjpGbGFzaDo6Rmxhc2hIYXNoewAGOgpAdXNlZHsA--f0e8e46df55eb35a1421bb4deb8ce1b8b9231097
  Parameters: {"action"=>"settings", "controller"=>"stage"}
Rendering template within layouts/default
Rendering stage/settings
Completed in 0.15211 (6 reqs/sec) | Rendering: 0.12920 (84%) | 200 OK [http://127.0.0.1/stage/settings]


Processing StageController#settings (for 127.0.0.1 at 2007-10-17 23:53:45) [POST]
  Session ID: BAh7CDoMY3NyZl9pZCIlMzAyZjVlNWUwYmU0MTA4MWQ1ZTA1ZTEyNTI1MDBk%0AMGUiCmZsYXNoSUM6J0FjdGlvbkNvbnRyb2xsZXI6OkZsYXNoOjpGbGFzaEhh%0Ac2h7AAY6CkB1c2VkewA6DWZpbGVuYW1lIkUvaG9tZS9qaC9kZXYvY3N2Mm9u%0AaXgvdG1wL2ZpbGVzL09VUCBBVSBSYWluYm93IERlY2VtYmVyIDIwMDcuY3N2--2fb3c325efe3e9bbeed3caccdb0a22ef6a4d5edd
  Parameters: {"titlecol"=>"5", "subtitlecol"=>"", "from_person"=>"James Healy", "message_note"=>"", "publisher_name"=>"OUP", "isbncol"=>"2", "authorcol"=>"3", "pubdatecol"=>"9", "multiply_price"=>"", "action"=>"settings", "pricecol"=>"10", "ignore_first_line"=>"yes", "formcol"=>"7", "controller"=>"stage", "from_company"=>"OUP", "supplier_name"=>"OUP", "descriptioncol"=>"", "websitecol"=>"18"}
Redirected to http://127.0.0.1:3000/stage/form_map
Completed in 0.02339 (42 reqs/sec) | 302 Found [http://127.0.0.1/stage/settings]


Processing StageController#form_map (for 127.0.0.1 at 2007-10-17 23:53:45) [GET]
  Session ID: BAh7FDoMaXNibmNvbGkGOg1wcmljZWNvbGkOOhFmcm9tX2NvbXBhbnkiCE9V%0AUDoNdGl0bGVjb2xpCToPd2Vic2l0ZWNvbGkWOhBmcm9tX3BlcnNvbiIQSmFt%0AZXMgSGVhbHk6DmF1dGhvcmNvbGkHOhZpZ25vcmVfZmlyc3RfbGluZVQ6E3B1%0AYmxpc2hlcl9uYW1lIghPVVA6D3B1YmRhdGVjb2xpDToMY3NyZl9pZCIlMzAy%0AZjVlNWUwYmU0MTA4MWQ1ZTA1ZTEyNTI1MDBkMGU6EnN1cHBsaWVyX25hbWUi%0ACE9VUDoNZmlsZW5hbWUiRS9ob21lL2poL2Rldi9jc3Yyb25peC90bXAvZmls%0AZXMvT1VQIEFVIFJhaW5ib3cgRGVjZW1iZXIgMjAwNy5jc3YiCmZsYXNoSUM6%0AJ0FjdGlvbkNvbnRyb2xsZXI6OkZsYXNoOjpGbGFzaEhhc2h7AAY6CkB1c2Vk%0AewA6DGZvcm1jb2xpCw%3D%3D--4a2d7965911a7e0dd99fde4e7b5adaed97878796
  Parameters: {"action"=>"form_map", "controller"=>"stage"}


NameError (uninitialized constant StageController::Onix):
    /vendor/rails/activesupport/lib/active_support/dependencies.rb:478:in `const_missing'
    /app/controllers/stage_controller.rb:187:in `form_map'
    /vendor/rails/actionpack/lib/action_controller/base.rb:1130:in `send'
    /vendor/rails/actionpack/lib/action_controller/base.rb:1130:in `perform_action_without_filters'
    /vendor/rails/actionpack/lib/action_controller/filters.rb:697:in `call_filters'
    /vendor/rails/actionpack/lib/action_controller/filters.rb:689:in `perform_action_without_benchmark'
    /vendor/rails/actionpack/lib/action_controller/benchmarking.rb:68:in `perform_action_without_rescue'
    /usr/lib/ruby/1.8/benchmark.rb:293:in `measure'
    /vendor/rails/actionpack/lib/action_controller/benchmarking.rb:68:in `perform_action_without_rescue'
    /vendor/rails/actionpack/lib/action_controller/rescue.rb:175:in `perform_action'
    /vendor/rails/actionpack/lib/action_controller/base.rb:517:in `send'
    /vendor/rails/actionpack/lib/action_controller/base.rb:517:in `process_without_filters'
    /vendor/rails/actionpack/lib/action_controller/filters.rb:685:in `process_without_session_management_support'
    /vendor/rails/actionpack/lib/action_controller/session_management.rb:123:in `process'
    /vendor/rails/actionpack/lib/action_controller/base.rb:377:in `process'
    /vendor/rails/actionpack/lib/action_controller/dispatcher.rb:171:in `handle_request'
    /vendor/rails/actionpack/lib/action_controller/dispatcher.rb:115:in `dispatch'
    /vendor/rails/actionpack/lib/action_controller/dispatcher.rb:126:in `dispatch_cgi'
    /vendor/rails/actionpack/lib/action_controller/dispatcher.rb:9:in `dispatch'
    /var/lib/gems/1.8/gems/mongrel-1.0.1/lib/mongrel/rails.rb:78:in `process'
    /var/lib/gems/1.8/gems/mongrel-1.0.1/lib/mongrel/rails.rb:76:in `synchronize'
    /var/lib/gems/1.8/gems/mongrel-1.0.1/lib/mongrel/rails.rb:76:in `process'
    /var/lib/gems/1.8/gems/mongrel-1.0.1/lib/mongrel.rb:618:in `process_client'
    /var/lib/gems/1.8/gems/mongrel-1.0.1/lib/mongrel.rb:617:in `each'
    /var/lib/gems/1.8/gems/mongrel-1.0.1/lib/mongrel.rb:617:in `process_client'
    /var/lib/gems/1.8/gems/mongrel-1.0.1/lib/mongrel.rb:736:in `run'
    /var/lib/gems/1.8/gems/mongrel-1.0.1/lib/mongrel.rb:736:in `initialize'
    /var/lib/gems/1.8/gems/mongrel-1.0.1/lib/mongrel.rb:736:in `new'
    /var/lib/gems/1.8/gems/mongrel-1.0.1/lib/mongrel.rb:736:in `run'
    /var/lib/gems/1.8/gems/mongrel-1.0.1/lib/mongrel.rb:720:in `initialize'
    /var/lib/gems/1.8/gems/mongrel-1.0.1/lib/mongrel.rb:720:in `new'
    /var/lib/gems/1.8/gems/mongrel-1.0.1/lib/mongrel.rb:720:in `run'
    /var/lib/gems/1.8/gems/mongrel-1.0.1/lib/mongrel/configurator.rb:271:in `run'
    /var/lib/gems/1.8/gems/mongrel-1.0.1/lib/mongrel/configurator.rb:270:in `each'
    /var/lib/gems/1.8/gems/mongrel-1.0.1/lib/mongrel/configurator.rb:270:in `run'
    /var/lib/gems/1.8/gems/mongrel-1.0.1/bin/mongrel_rails:127:in `run'
    /var/lib/gems/1.8/gems/mongrel-1.0.1/lib/mongrel/command.rb:211:in `run'
    /var/lib/gems/1.8/gems/mongrel-1.0.1/bin/mongrel_rails:243
    /vendor/rails/activesupport/lib/active_support/dependencies.rb:489:in `load'
    /vendor/rails/activesupport/lib/active_support/dependencies.rb:489:in `load'
    /vendor/rails/activesupport/lib/active_support/dependencies.rb:342:in `new_constants_in'
    /vendor/rails/activesupport/lib/active_support/dependencies.rb:489:in `load'
    /vendor/rails/railties/lib/commands/servers/mongrel.rb:64
    /usr/lib/ruby/1.8/rubygems/custom_require.rb:27:in `gem_original_require'
    /usr/lib/ruby/1.8/rubygems/custom_require.rb:27:in `require'
    /vendor/rails/activesupport/lib/active_support/dependencies.rb:496:in `require'
    /vendor/rails/activesupport/lib/active_support/dependencies.rb:342:in `new_constants_in'
    /vendor/rails/activesupport/lib/active_support/dependencies.rb:496:in `require'
    /vendor/rails/railties/lib/commands/server.rb:39
    ./script/server:3:in `require'
    ./script/server:3

Rendering /home/jh/dev/csv2onix/vendor/rails/actionpack/lib/action_controller/templates/rescues/layout.erb (internal_server_error)


Processing StageController#form_map (for 127.0.0.1 at 2007-10-17 23:54:20) [GET]
  Session ID: BAh7FDoMaXNibmNvbGkGOhFmcm9tX2NvbXBhbnkiCE9VUDoNcHJpY2Vjb2xp%0ADjoNdGl0bGVjb2xpCToQZnJvbV9wZXJzb24iEEphbWVzIEhlYWx5Og93ZWJz%0AaXRlY29saRY6DmF1dGhvcmNvbGkHOhNwdWJsaXNoZXJfbmFtZSIIT1VQOhZp%0AZ25vcmVfZmlyc3RfbGluZVQ6DGNzcmZfaWQiJTMwMmY1ZTVlMGJlNDEwODFk%0ANWUwNWUxMjUyNTAwZDBlOg9wdWJkYXRlY29saQ0iCmZsYXNoSUM6J0FjdGlv%0AbkNvbnRyb2xsZXI6OkZsYXNoOjpGbGFzaEhhc2h7AAY6CkB1c2VkewA6DWZp%0AbGVuYW1lIkUvaG9tZS9qaC9kZXYvY3N2Mm9uaXgvdG1wL2ZpbGVzL09VUCBB%0AVSBSYWluYm93IERlY2VtYmVyIDIwMDcuY3N2OhJzdXBwbGllcl9uYW1lIghP%0AVVA6DGZvcm1jb2xpCw%3D%3D--e71cc885605544ddcee7cbaf443c88a9e2879808
  Parameters: {"action"=>"form_map", "controller"=>"stage"}


NameError (uninitialized constant Onix):
    /vendor/rails/activesupport/lib/active_support/dependencies.rb:266:in `load_missing_constant'
    /vendor/rails/activesupport/lib/active_support/dependencies.rb:453:in `const_missing'
    /vendor/rails/activesupport/lib/active_support/dependencies.rb:465:in `const_missing'
    /app/controllers/stage_controller.rb:187:in `form_map'
    /vendor/rails/actionpack/lib/action_controller/base.rb:1130:in `send'
    /vendor/rails/actionpack/lib/action_controller/base.rb:1130:in `perform_action_without_filters'
    /vendor/rails/actionpack/lib/action_controller/filters.rb:697:in `call_filters'
    /vendor/rails/actionpack/lib/action_controller/filters.rb:689:in `perform_action_without_benchmark'
    /vendor/rails/actionpack/lib/action_controller/benchmarking.rb:68:in `perform_action_without_rescue'
    /usr/lib/ruby/1.8/benchmark.rb:293:in `measure'
    /vendor/rails/actionpack/lib/action_controller/benchmarking.rb:68:in `perform_action_without_rescue'
    /vendor/rails/actionpack/lib/action_controller/rescue.rb:175:in `perform_action'
    /vendor/rails/actionpack/lib/action_controller/base.rb:517:in `send'
    /vendor/rails/actionpack/lib/action_controller/base.rb:517:in `process_without_filters'
    /vendor/rails/actionpack/lib/action_controller/filters.rb:685:in `process_without_session_management_support'
    /vendor/rails/actionpack/lib/action_controller/session_management.rb:123:in `process'
    /vendor/rails/actionpack/lib/action_controller/base.rb:377:in `process'
    /vendor/rails/actionpack/lib/action_controller/dispatcher.rb:171:in `handle_request'
    /vendor/rails/actionpack/lib/action_controller/dispatcher.rb:115:in `dispatch'
    /vendor/rails/actionpack/lib/action_controller/dispatcher.rb:126:in `dispatch_cgi'
    /vendor/rails/actionpack/lib/action_controller/dispatcher.rb:9:in `dispatch'
    /var/lib/gems/1.8/gems/mongrel-1.0.1/lib/mongrel/rails.rb:78:in `process'
    /var/lib/gems/1.8/gems/mongrel-1.0.1/lib/mongrel/rails.rb:76:in `synchronize'
    /var/lib/gems/1.8/gems/mongrel-1.0.1/lib/mongrel/rails.rb:76:in `process'
    /var/lib/gems/1.8/gems/mongrel-1.0.1/lib/mongrel.rb:618:in `process_client'
    /var/lib/gems/1.8/gems/mongrel-1.0.1/lib/mongrel.rb:617:in `each'
    /var/lib/gems/1.8/gems/mongrel-1.0.1/lib/mongrel.rb:617:in `process_client'
    /var/lib/gems/1.8/gems/mongrel-1.0.1/lib/mongrel.rb:736:in `run'
    /var/lib/gems/1.8/gems/mongrel-1.0.1/lib/mongrel.rb:736:in `initialize'
    /var/lib/gems/1.8/gems/mongrel-1.0.1/lib/mongrel.rb:736:in `new'
    /var/lib/gems/1.8/gems/mongrel-1.0.1/lib/mongrel.rb:736:in `run'
    /var/lib/gems/1.8/gems/mongrel-1.0.1/lib/mongrel.rb:720:in `initialize'
    /var/lib/gems/1.8/gems/mongrel-1.0.1/lib/mongrel.rb:720:in `new'
    /var/lib/gems/1.8/gems/mongrel-1.0.1/lib/mongrel.rb:720:in `run'
    /var/lib/gems/1.8/gems/mongrel-1.0.1/lib/mongrel/configurator.rb:271:in `run'
    /var/lib/gems/1.8/gems/mongrel-1.0.1/lib/mongrel/configurator.rb:270:in `each'
    /var/lib/gems/1.8/gems/mongrel-1.0.1/lib/mongrel/configurator.rb:270:in `run'
    /var/lib/gems/1.8/gems/mongrel-1.0.1/bin/mongrel_rails:127:in `run'
    /var/lib/gems/1.8/gems/mongrel-1.0.1/lib/mongrel/command.rb:211:in `run'
    /var/lib/gems/1.8/gems/mongrel-1.0.1/bin/mongrel_rails:243
    /vendor/rails/activesupport/lib/active_support/dependencies.rb:489:in `load'
    /vendor/rails/activesupport/lib/active_support/dependencies.rb:489:in `load'
    /vendor/rails/activesupport/lib/active_support/dependencies.rb:342:in `new_constants_in'
    /vendor/rails/activesupport/lib/active_support/dependencies.rb:489:in `load'
    /vendor/rails/railties/lib/commands/servers/mongrel.rb:64
    /usr/lib/ruby/1.8/rubygems/custom_require.rb:27:in `gem_original_require'
    /usr/lib/ruby/1.8/rubygems/custom_require.rb:27:in `require'
    /vendor/rails/activesupport/lib/active_support/dependencies.rb:496:in `require'
    /vendor/rails/activesupport/lib/active_support/dependencies.rb:342:in `new_constants_in'
    /vendor/rails/activesupport/lib/active_support/dependencies.rb:496:in `require'
    /vendor/rails/railties/lib/commands/server.rb:39
    ./script/server:3:in `require'
    ./script/server:3

Rendering /home/jh/dev/csv2onix/vendor/rails/actionpack/lib/action_controller/templates/rescues/layout.erb (internal_server_error)


Processing StageController#form_map (for 127.0.0.1 at 2007-10-17 23:56:07) [GET]
  Session ID: BAh7FDoMaXNibmNvbGkGOg1wcmljZWNvbGkOOhFmcm9tX2NvbXBhbnkiCE9V%0AUDoNdGl0bGVjb2xpCToPd2Vic2l0ZWNvbGkWOhBmcm9tX3BlcnNvbiIQSmFt%0AZXMgSGVhbHk6DmF1dGhvcmNvbGkHOhZpZ25vcmVfZmlyc3RfbGluZVQ6E3B1%0AYmxpc2hlcl9uYW1lIghPVVA6D3B1YmRhdGVjb2xpDToMY3NyZl9pZCIlMzAy%0AZjVlNWUwYmU0MTA4MWQ1ZTA1ZTEyNTI1MDBkMGU6EnN1cHBsaWVyX25hbWUi%0ACE9VUDoNZmlsZW5hbWUiRS9ob21lL2poL2Rldi9jc3Yyb25peC90bXAvZmls%0AZXMvT1VQIEFVIFJhaW5ib3cgRGVjZW1iZXIgMjAwNy5jc3YiCmZsYXNoSUM6%0AJ0FjdGlvbkNvbnRyb2xsZXI6OkZsYXNoOjpGbGFzaEhhc2h7AAY6CkB1c2Vk%0AewA6DGZvcm1jb2xpCw%3D%3D--4a2d7965911a7e0dd99fde4e7b5adaed97878796
  Parameters: {"action"=>"form_map", "controller"=>"stage"}


NameError (uninitialized constant StageController::Onix):
    /vendor/rails/activesupport/lib/active_support/dependencies.rb:478:in `const_missing'
    /app/controllers/stage_controller.rb:187:in `form_map'
    /vendor/rails/actionpack/lib/action_controller/base.rb:1130:in `send'
    /vendor/rails/actionpack/lib/action_controller/base.rb:1130:in `perform_action_without_filters'
    /vendor/rails/actionpack/lib/action_controller/filters.rb:697:in `call_filters'
    /vendor/rails/actionpack/lib/action_controller/filters.rb:689:in `perform_action_without_benchmark'
    /vendor/rails/actionpack/lib/action_controller/benchmarking.rb:68:in `perform_action_without_rescue'
    /usr/lib/ruby/1.8/benchmark.rb:293:in `measure'
    /vendor/rails/actionpack/lib/action_controller/benchmarking.rb:68:in `perform_action_without_rescue'
    /vendor/rails/actionpack/lib/action_controller/rescue.rb:175:in `perform_action'
    /vendor/rails/actionpack/lib/action_controller/base.rb:517:in `send'
    /vendor/rails/actionpack/lib/action_controller/base.rb:517:in `process_without_filters'
    /vendor/rails/actionpack/lib/action_controller/filters.rb:685:in `process_without_session_management_support'
    /vendor/rails/actionpack/lib/action_controller/session_management.rb:123:in `process'
    /vendor/rails/actionpack/lib/action_controller/base.rb:377:in `process'
    /vendor/rails/actionpack/lib/action_controller/dispatcher.rb:171:in `handle_request'
    /vendor/rails/actionpack/lib/action_controller/dispatcher.rb:115:in `dispatch'
    /vendor/rails/actionpack/lib/action_controller/dispatcher.rb:126:in `dispatch_cgi'
    /vendor/rails/actionpack/lib/action_controller/dispatcher.rb:9:in `dispatch'
    /var/lib/gems/1.8/gems/mongrel-1.0.1/lib/mongrel/rails.rb:78:in `process'
    /var/lib/gems/1.8/gems/mongrel-1.0.1/lib/mongrel/rails.rb:76:in `synchronize'
    /var/lib/gems/1.8/gems/mongrel-1.0.1/lib/mongrel/rails.rb:76:in `process'
    /var/lib/gems/1.8/gems/mongrel-1.0.1/lib/mongrel.rb:618:in `process_client'
    /var/lib/gems/1.8/gems/mongrel-1.0.1/lib/mongrel.rb:617:in `each'
    /var/lib/gems/1.8/gems/mongrel-1.0.1/lib/mongrel.rb:617:in `process_client'
    /var/lib/gems/1.8/gems/mongrel-1.0.1/lib/mongrel.rb:736:in `run'
    /var/lib/gems/1.8/gems/mongrel-1.0.1/lib/mongrel.rb:736:in `initialize'
    /var/lib/gems/1.8/gems/mongrel-1.0.1/lib/mongrel.rb:736:in `new'
    /var/lib/gems/1.8/gems/mongrel-1.0.1/lib/mongrel.rb:736:in `run'
    /var/lib/gems/1.8/gems/mongrel-1.0.1/lib/mongrel.rb:720:in `initialize'
    /var/lib/gems/1.8/gems/mongrel-1.0.1/lib/mongrel.rb:720:in `new'
    /var/lib/gems/1.8/gems/mongrel-1.0.1/lib/mongrel.rb:720:in `run'
    /var/lib/gems/1.8/gems/mongrel-1.0.1/lib/mongrel/configurator.rb:271:in `run'
    /var/lib/gems/1.8/gems/mongrel-1.0.1/lib/mongrel/configurator.rb:270:in `each'
    /var/lib/gems/1.8/gems/mongrel-1.0.1/lib/mongrel/configurator.rb:270:in `run'
    /var/lib/gems/1.8/gems/mongrel-1.0.1/bin/mongrel_rails:127:in `run'
    /var/lib/gems/1.8/gems/mongrel-1.0.1/lib/mongrel/command.rb:211:in `run'
    /var/lib/gems/1.8/gems/mongrel-1.0.1/bin/mongrel_rails:243
    /vendor/rails/activesupport/lib/active_support/dependencies.rb:489:in `load'
    /vendor/rails/activesupport/lib/active_support/dependencies.rb:489:in `load'
    /vendor/rails/activesupport/lib/active_support/dependencies.rb:342:in `new_constants_in'
    /vendor/rails/activesupport/lib/active_support/dependencies.rb:489:in `load'
    /vendor/rails/railties/lib/commands/servers/mongrel.rb:64
    /usr/lib/ruby/1.8/rubygems/custom_require.rb:27:in `gem_original_require'
    /usr/lib/ruby/1.8/rubygems/custom_require.rb:27:in `require'
    /vendor/rails/activesupport/lib/active_support/dependencies.rb:496:in `require'
    /vendor/rails/activesupport/lib/active_support/dependencies.rb:342:in `new_constants_in'
    /vendor/rails/activesupport/lib/active_support/dependencies.rb:496:in `require'
    /vendor/rails/railties/lib/commands/server.rb:39
    ./script/server:3:in `require'
    ./script/server:3

Rendering /home/jh/dev/csv2onix/vendor/rails/actionpack/lib/action_controller/templates/rescues/layout.erb (internal_server_error)


Processing StageController#form_map (for 127.0.0.1 at 2007-10-18 00:08:38) [GET]
  Session ID: BAh7FDoSc3VwcGxpZXJfbmFtZSIIT1VQOgxmb3JtY29saQs6DGlzYm5jb2xp%0ABjoRZnJvbV9jb21wYW55IghPVVA6DXByaWNlY29saQ46DXRpdGxlY29saQk6%0AEGZyb21fcGVyc29uIhBKYW1lcyBIZWFseToPd2Vic2l0ZWNvbGkWOgxjc3Jm%0AX2lkIiUzMDJmNWU1ZTBiZTQxMDgxZDVlMDVlMTI1MjUwMGQwZToOYXV0aG9y%0AY29saQciCmZsYXNoSUM6J0FjdGlvbkNvbnRyb2xsZXI6OkZsYXNoOjpGbGFz%0AaEhhc2h7AAY6CkB1c2VkewA6DWZpbGVuYW1lIkUvaG9tZS9qaC9kZXYvY3N2%0AMm9uaXgvdG1wL2ZpbGVzL09VUCBBVSBSYWluYm93IERlY2VtYmVyIDIwMDcu%0AY3N2OhNwdWJsaXNoZXJfbmFtZSIIT1VQOhZpZ25vcmVfZmlyc3RfbGluZVQ6%0AD3B1YmRhdGVjb2xpDQ%3D%3D--cffbfe73fa7d106e457a73e3360e069c6becf272
  Parameters: {"action"=>"form_map", "controller"=>"stage"}
Rendering template within layouts/default
Rendering stage/form_map
Completed in 0.04065 (24 reqs/sec) | Rendering: 0.01868 (45%) | 200 OK [http://127.0.0.1/stage/form_map]


Processing StageController#form_map (for 127.0.0.1 at 2007-10-18 00:09:14) [POST]
  Session ID: BAh7FDoSc3VwcGxpZXJfbmFtZSIIT1VQOgxmb3JtY29saQs6DGlzYm5jb2xp%0ABjoNcHJpY2Vjb2xpDjoRZnJvbV9jb21wYW55IghPVVA6DXRpdGxlY29saQk6%0AD3dlYnNpdGVjb2xpFjoQZnJvbV9wZXJzb24iEEphbWVzIEhlYWx5Og5hdXRo%0Ab3Jjb2xpBzoMY3NyZl9pZCIlMzAyZjVlNWUwYmU0MTA4MWQ1ZTA1ZTEyNTI1%0AMDBkMGU6Fmlnbm9yZV9maXJzdF9saW5lVDoTcHVibGlzaGVyX25hbWUiCE9V%0AUDoNZmlsZW5hbWUiRS9ob21lL2poL2Rldi9jc3Yyb25peC90bXAvZmlsZXMv%0AT1VQIEFVIFJhaW5ib3cgRGVjZW1iZXIgMjAwNy5jc3YiCmZsYXNoSUM6J0Fj%0AdGlvbkNvbnRyb2xsZXI6OkZsYXNoOjpGbGFzaEhhc2h7AAY6CkB1c2VkewA6%0AD3B1YmRhdGVjb2xpDQ%3D%3D--3052280e26e60a63e73b596b0a9a915f00fa7035
  Parameters: {"action"=>"form_map", "controller"=>"stage", "form"=>{"HB"=>"BB", "PB"=>"BC"}}
Redirected to http://127.0.0.1:3000/stage/download
Completed in 0.00777 (128 reqs/sec) | 302 Found [http://127.0.0.1/stage/form_map]


Processing StageController#download (for 127.0.0.1 at 2007-10-18 00:09:14) [GET]
  Session ID: BAh7FToSc3VwcGxpZXJfbmFtZSIIT1VQOgxmb3JtY29saQs6DGlzYm5jb2xp%0ABjoRZnJvbV9jb21wYW55IghPVVA6DXByaWNlY29saQ46DmZvcm1faGFzaEM6%0AHkhhc2hXaXRoSW5kaWZmZXJlbnRBY2Nlc3N7ByIHSEIiB0JCIgdQQiIHQkM6%0ADXRpdGxlY29saQk6EGZyb21fcGVyc29uIhBKYW1lcyBIZWFseToPd2Vic2l0%0AZWNvbGkWOgxjc3JmX2lkIiUzMDJmNWU1ZTBiZTQxMDgxZDVlMDVlMTI1MjUw%0AMGQwZToOYXV0aG9yY29saQciCmZsYXNoSUM6J0FjdGlvbkNvbnRyb2xsZXI6%0AOkZsYXNoOjpGbGFzaEhhc2h7AAY6CkB1c2VkewA6DWZpbGVuYW1lIkUvaG9t%0AZS9qaC9kZXYvY3N2Mm9uaXgvdG1wL2ZpbGVzL09VUCBBVSBSYWluYm93IERl%0AY2VtYmVyIDIwMDcuY3N2OhNwdWJsaXNoZXJfbmFtZSIIT1VQOhZpZ25vcmVf%0AZmlyc3RfbGluZVQ6D3B1YmRhdGVjb2xpDQ%3D%3D--03dcc273a59e7e9ba3208edce34a99ca8f094f1e
  Parameters: {"action"=>"download", "controller"=>"stage"}
Rendering template within layouts/default
Rendering stage/download
Completed in 0.01279 (78 reqs/sec) | Rendering: 0.00682 (53%) | 200 OK [http://127.0.0.1/stage/download]


Processing StageController#onix (for 127.0.0.1 at 2007-10-18 00:09:21) [GET]
  Session ID: BAh7FToSc3VwcGxpZXJfbmFtZSIIT1VQOgxmb3JtY29saQs6DGlzYm5jb2xp%0ABjoNcHJpY2Vjb2xpDjoRZnJvbV9jb21wYW55IghPVVA6DXRpdGxlY29saQk6%0ADmZvcm1faGFzaEM6Hkhhc2hXaXRoSW5kaWZmZXJlbnRBY2Nlc3N7ByIHSEIi%0AB0JCIgdQQiIHQkM6D3dlYnNpdGVjb2xpFjoQZnJvbV9wZXJzb24iEEphbWVz%0AIEhlYWx5Og5hdXRob3Jjb2xpBzoMY3NyZl9pZCIlMzAyZjVlNWUwYmU0MTA4%0AMWQ1ZTA1ZTEyNTI1MDBkMGU6Fmlnbm9yZV9maXJzdF9saW5lVDoTcHVibGlz%0AaGVyX25hbWUiCE9VUDoNZmlsZW5hbWUiRS9ob21lL2poL2Rldi9jc3Yyb25p%0AeC90bXAvZmlsZXMvT1VQIEFVIFJhaW5ib3cgRGVjZW1iZXIgMjAwNy5jc3Yi%0ACmZsYXNoSUM6J0FjdGlvbkNvbnRyb2xsZXI6OkZsYXNoOjpGbGFzaEhhc2h7%0AAAY6CkB1c2VkewA6D3B1YmRhdGVjb2xpDQ%3D%3D--eaf25bb0bda655f6c532a40385b0569f9f997c12
  Parameters: {"action"=>"onix", "controller"=>"stage"}
Sending data OUP AU Rainbow December 2007.xml
Completed in 0.54700 (1 reqs/sec) | Rendering: 0.00008 (0%) | 200 OK [http://127.0.0.1/stage/onix]


Processing StageController#upload (for 127.0.0.1 at 2007-10-18 00:43:33) [GET]
  Session ID: BAh7FToSc3VwcGxpZXJfbmFtZSIIT1VQOgxmb3JtY29saQs6DGlzYm5jb2xp%0ABjoRZnJvbV9jb21wYW55IghPVVA6DXByaWNlY29saQ46DmZvcm1faGFzaEM6%0AHkhhc2hXaXRoSW5kaWZmZXJlbnRBY2Nlc3N7ByIHSEIiB0JCIgdQQiIHQkM6%0ADXRpdGxlY29saQk6EGZyb21fcGVyc29uIhBKYW1lcyBIZWFseToPd2Vic2l0%0AZWNvbGkWOgxjc3JmX2lkIiUzMDJmNWU1ZTBiZTQxMDgxZDVlMDVlMTI1MjUw%0AMGQwZToOYXV0aG9yY29saQciCmZsYXNoSUM6J0FjdGlvbkNvbnRyb2xsZXI6%0AOkZsYXNoOjpGbGFzaEhhc2h7AAY6CkB1c2VkewA6DWZpbGVuYW1lIkUvaG9t%0AZS9qaC9kZXYvY3N2Mm9uaXgvdG1wL2ZpbGVzL09VUCBBVSBSYWluYm93IERl%0AY2VtYmVyIDIwMDcuY3N2OhNwdWJsaXNoZXJfbmFtZSIIT1VQOhZpZ25vcmVf%0AZmlyc3RfbGluZVQ6D3B1YmRhdGVjb2xpDQ%3D%3D--03dcc273a59e7e9ba3208edce34a99ca8f094f1e
  Parameters: {"action"=>"upload", "controller"=>"stage"}
Rendering template within layouts/default
Rendering stage/upload
Completed in 0.02583 (38 reqs/sec) | Rendering: 0.01743 (67%) | 200 OK [http://127.0.0.1/stage/upload]


Processing StageController#upload (for 127.0.0.1 at 2007-10-18 00:59:21) [POST]
  Session ID: BAh7BiIKZmxhc2hJQzonQWN0aW9uQ29udHJvbGxlcjo6Rmxhc2g6OkZsYXNo%0ASGFzaHsABjoKQHVzZWR7AA%3D%3D--e80f7eacbce801c1c7b355570805267ceb7ecf2b
  Parameters: {"action"=>"upload", "csvfile"=>"", "controller"=>"stage", "Save"=>"upload >>"}


NoMethodError (undefined method `original_filename' for "":String):
    /app/controllers/stage_controller.rb:31:in `upload'
    /vendor/rails/actionpack/lib/action_controller/base.rb:1130:in `send'
    /vendor/rails/actionpack/lib/action_controller/base.rb:1130:in `perform_action_without_filters'
    /vendor/rails/actionpack/lib/action_controller/filters.rb:697:in `call_filters'
    /vendor/rails/actionpack/lib/action_controller/filters.rb:689:in `perform_action_without_benchmark'
    /vendor/rails/actionpack/lib/action_controller/benchmarking.rb:68:in `perform_action_without_rescue'
    /usr/lib/ruby/1.8/benchmark.rb:293:in `measure'
    /vendor/rails/actionpack/lib/action_controller/benchmarking.rb:68:in `perform_action_without_rescue'
    /vendor/rails/actionpack/lib/action_controller/rescue.rb:175:in `perform_action'
    /vendor/rails/actionpack/lib/action_controller/base.rb:517:in `send'
    /vendor/rails/actionpack/lib/action_controller/base.rb:517:in `process_without_filters'
    /vendor/rails/actionpack/lib/action_controller/filters.rb:685:in `process_without_session_management_support'
    /vendor/rails/actionpack/lib/action_controller/session_management.rb:123:in `process'
    /vendor/rails/actionpack/lib/action_controller/base.rb:377:in `process'
    /vendor/rails/actionpack/lib/action_controller/dispatcher.rb:171:in `handle_request'
    /vendor/rails/actionpack/lib/action_controller/dispatcher.rb:115:in `dispatch'
    /vendor/rails/actionpack/lib/action_controller/dispatcher.rb:126:in `dispatch_cgi'
    /vendor/rails/actionpack/lib/action_controller/dispatcher.rb:9:in `dispatch'
    /var/lib/gems/1.8/gems/mongrel-1.0.1/lib/mongrel/rails.rb:78:in `process'
    /var/lib/gems/1.8/gems/mongrel-1.0.1/lib/mongrel/rails.rb:76:in `synchronize'
    /var/lib/gems/1.8/gems/mongrel-1.0.1/lib/mongrel/rails.rb:76:in `process'
    /var/lib/gems/1.8/gems/mongrel-1.0.1/lib/mongrel.rb:618:in `process_client'
    /var/lib/gems/1.8/gems/mongrel-1.0.1/lib/mongrel.rb:617:in `each'
    /var/lib/gems/1.8/gems/mongrel-1.0.1/lib/mongrel.rb:617:in `process_client'
    /var/lib/gems/1.8/gems/mongrel-1.0.1/lib/mongrel.rb:736:in `run'
    /var/lib/gems/1.8/gems/mongrel-1.0.1/lib/mongrel.rb:736:in `initialize'
    /var/lib/gems/1.8/gems/mongrel-1.0.1/lib/mongrel.rb:736:in `new'
    /var/lib/gems/1.8/gems/mongrel-1.0.1/lib/mongrel.rb:736:in `run'
    /var/lib/gems/1.8/gems/mongrel-1.0.1/lib/mongrel.rb:720:in `initialize'
    /var/lib/gems/1.8/gems/mongrel-1.0.1/lib/mongrel.rb:720:in `new'
    /var/lib/gems/1.8/gems/mongrel-1.0.1/lib/mongrel.rb:720:in `run'
    /var/lib/gems/1.8/gems/mongrel-1.0.1/lib/mongrel/configurator.rb:271:in `run'
    /var/lib/gems/1.8/gems/mongrel-1.0.1/lib/mongrel/configurator.rb:270:in `each'
    /var/lib/gems/1.8/gems/mongrel-1.0.1/lib/mongrel/configurator.rb:270:in `run'
    /var/lib/gems/1.8/gems/mongrel-1.0.1/bin/mongrel_rails:127:in `run'
    /var/lib/gems/1.8/gems/mongrel-1.0.1/lib/mongrel/command.rb:211:in `run'
    /var/lib/gems/1.8/gems/mongrel-1.0.1/bin/mongrel_rails:243
    /vendor/rails/activesupport/lib/active_support/dependencies.rb:489:in `load'
    /vendor/rails/activesupport/lib/active_support/dependencies.rb:489:in `load'
    /vendor/rails/activesupport/lib/active_support/dependencies.rb:342:in `new_constants_in'
    /vendor/rails/activesupport/lib/active_support/dependencies.rb:489:in `load'
    /vendor/rails/railties/lib/commands/servers/mongrel.rb:64
    /usr/lib/ruby/1.8/rubygems/custom_require.rb:27:in `gem_original_require'
    /usr/lib/ruby/1.8/rubygems/custom_require.rb:27:in `require'
    /vendor/rails/activesupport/lib/active_support/dependencies.rb:496:in `require'
    /vendor/rails/activesupport/lib/active_support/dependencies.rb:342:in `new_constants_in'
    /vendor/rails/activesupport/lib/active_support/dependencies.rb:496:in `require'
    /vendor/rails/railties/lib/commands/server.rb:39
    ./script/server:3:in `require'
    ./script/server:3

Rendering /home/jh/dev/csv2onix/vendor/rails/actionpack/lib/action_controller/templates/rescues/layout.erb (internal_server_error)


Processing StageController#upload (for 127.0.0.1 at 2007-10-18 00:59:49) [POST]
  Session ID: BAh7BiIKZmxhc2hJQzonQWN0aW9uQ29udHJvbGxlcjo6Rmxhc2g6OkZsYXNo%0ASGFzaHsABjoKQHVzZWR7AA%3D%3D--e80f7eacbce801c1c7b355570805267ceb7ecf2b
  Parameters: {"action"=>"upload", "csvfile"=>"", "controller"=>"stage", "Save"=>"upload >>"}
Rendering template within layouts/default
Rendering stage/upload
Completed in 0.04635 (21 reqs/sec) | Rendering: 0.04027 (86%) | 200 OK [http://127.0.0.1/stage/upload]


Processing StageController#upload (for 127.0.0.1 at 2007-10-18 01:18:45) [GET]
  Session ID: BAh7BiIKZmxhc2hJQzonQWN0aW9uQ29udHJvbGxlcjo6Rmxhc2g6OkZsYXNo%0ASGFzaHsABjoKQHVzZWR7AA%3D%3D--e80f7eacbce801c1c7b355570805267ceb7ecf2b
  Parameters: {"action"=>"upload", "controller"=>"stage"}
Rendering template within layouts/default
Rendering stage/upload
Completed in 0.00678 (147 reqs/sec) | Rendering: 0.00195 (28%) | 200 OK [http://127.0.0.1/stage/upload]


Processing StageController#upload (for 127.0.0.1 at 2007-10-18 01:22:20) [GET]
  Session ID: BAh7BiIKZmxhc2hJQzonQWN0aW9uQ29udHJvbGxlcjo6Rmxhc2g6OkZsYXNo%0ASGFzaHsABjoKQHVzZWR7AA%3D%3D--e80f7eacbce801c1c7b355570805267ceb7ecf2b
  Parameters: {"action"=>"upload", "controller"=>"stage"}
Rendering template within layouts/default
Rendering stage/upload
Completed in 0.00697 (143 reqs/sec) | Rendering: 0.00179 (25%) | 200 OK [http://127.0.0.1/stage/upload]
